<?xml version="1.0" encoding="UTF-8"?>
<!-- Generated by org.testng.reporters.JUnitXMLReporter -->
<testsuite hostname="sachins-MacBook-Air.local" ignored="0" name="Test" tests="3" failures="0" timestamp="2019-09-12T23:22:07 IST" time="0.055" errors="0">
  <testcase name="getDesktopAppData" time="0.009" classname="TestingPurpose.MavenJava.DesktopAppTest"/>
  <testcase name="getWebAppData" time="0.0" classname="TestingPurpose.MavenJava.WebAppTest"/>
  <testcase name="getMobileAppData" time="0.001" classname="TestingPurpose.MavenJava.MobileAppTest"/>
</testsuite> <!-- Test -->
